<?xml version="1.0" encoding="UTF-8"?>
<!-- Generated by org.testng.reporters.JUnitReportReporter -->
<testsuite skipped="0" hostname="LAPTOP-VHBMHBHC" name="com.resonantiatechnologie.amazon.pom.testcases.ShoppingCartTestCase" tests="1" failures="0" timestamp="30 Jan 2019 13:13:53 GMT" time="150.773" errors="0">
  <testcase name="test" time="150.773" classname="com.resonantiatechnologie.amazon.pom.testcases.ShoppingCartTestCase"/>
</testsuite> <!-- com.resonantiatechnologie.amazon.pom.testcases.ShoppingCartTestCase -->
