<?xml version="1.0" encoding="UTF-8"?>
<!-- Generated by org.testng.reporters.JUnitReportReporter -->
<testsuite skipped="2" hostname="LAPTOP-VHBMHBHC" name="com.resonantiatechnologie.amazon.pom.testcases.OnlineShoppingSiteInIndiaTestCases" tests="3" failures="0" timestamp="28 Jan 2019 07:58:42 GMT" time="0.012" errors="1">
  <testcase name="verifyMouseHover" time="0.000" classname="com.resonantiatechnologie.amazon.pom.testcases.OnlineShoppingSiteInIndiaTestCases">
    <skipped/>
  </testcase> <!-- verifyMouseHover -->
  <testcase name="testUrl" time="0.000" classname="com.resonantiatechnologie.amazon.pom.testcases.OnlineShoppingSiteInIndiaTestCases">
    <skipped/>
  </testcase> <!-- testUrl -->
  <testcase name="setup" time="0.012" classname="com.resonantiatechnologie.amazon.pom.testcases.OnlineShoppingSiteInIndiaTestCases">
    <error type="java.lang.Error" message="Unresolved compilation problems: 
	WebDriverManager cannot be resolved
	WebDriverManager cannot be resolved
	WebDriverManager cannot be resolved
	WebDriverManager cannot be resolved
">
      <![CDATA[java.lang.Error: Unresolved compilation problems: 
WebDriverManager cannot be resolved
WebDriverManager cannot be resolved
WebDriverManager cannot be resolved
WebDriverManager cannot be resolved

at com.resonantiatechnologie.amazon.pom.base.PomBase.openBrowser(PomBase.java:38)
at com.resonantiatechnologie.amazon.pom.testcases.OnlineShoppingSiteInIndiaTestCases.setup(OnlineShoppingSiteInIndiaTestCases.java:27)
at sun.reflect.NativeMethodAccessorImpl.invoke0(Native Method)
at sun.reflect.NativeMethodAccessorImpl.invoke(Unknown Source)
at sun.reflect.DelegatingMethodAccessorImpl.invoke(Unknown Source)
at java.lang.reflect.Method.invoke(Unknown Source)
at org.testng.internal.MethodInvocationHelper.invokeMethod(MethodInvocationHelper.java:124)
at org.testng.internal.MethodInvocationHelper.invokeMethodConsideringTimeout(MethodInvocationHelper.java:59)
at org.testng.internal.Invoker.invokeConfigurationMethod(Invoker.java:458)
at org.testng.internal.Invoker.invokeConfigurations(Invoker.java:222)
at org.testng.internal.Invoker.invokeConfigurations(Invoker.java:142)
at org.testng.TestRunner.beforeRun(TestRunner.java:529)
at org.testng.TestRunner.run(TestRunner.java:497)
at org.testng.SuiteRunner.runTest(SuiteRunner.java:455)
at org.testng.SuiteRunner.runSequentially(SuiteRunner.java:450)
at org.testng.SuiteRunner.privateRun(SuiteRunner.java:415)
at org.testng.SuiteRunner.run(SuiteRunner.java:364)
at org.testng.SuiteRunnerWorker.runSuite(SuiteRunnerWorker.java:52)
at org.testng.SuiteRunnerWorker.run(SuiteRunnerWorker.java:84)
at org.testng.TestNG.runSuitesSequentially(TestNG.java:1208)
at org.testng.TestNG.runSuitesLocally(TestNG.java:1137)
at org.testng.TestNG.runSuites(TestNG.java:1049)
at org.testng.TestNG.run(TestNG.java:1017)
at org.testng.remote.AbstractRemoteTestNG.run(AbstractRemoteTestNG.java:114)
at org.testng.remote.RemoteTestNG.initAndRun(RemoteTestNG.java:251)
at org.testng.remote.RemoteTestNG.main(RemoteTestNG.java:77)
]]>
    </error>
  </testcase> <!-- setup -->
</testsuite> <!-- com.resonantiatechnologie.amazon.pom.testcases.OnlineShoppingSiteInIndiaTestCases -->
