<?xml version="1.0" encoding="UTF-8"?>
<!-- Generated by org.testng.reporters.JUnitReportReporter -->
<testsuite skipped="0" hostname="LAPTOP-VHBMHBHC" name="com.resonantiatechnologie.amazon.pom.testcases.OnlineShoppingSiteIndiaTestCases" tests="2" failures="0" timestamp="25 Jan 2019 18:42:00 GMT" time="10.172" errors="0">
  <testcase name="verifyMouseHover" time="10.160" classname="com.resonantiatechnologie.amazon.pom.testcases.OnlineShoppingSiteIndiaTestCases"/>
  <testcase name="testUrl" time="0.012" classname="com.resonantiatechnologie.amazon.pom.testcases.OnlineShoppingSiteIndiaTestCases"/>
</testsuite> <!-- com.resonantiatechnologie.amazon.pom.testcases.OnlineShoppingSiteIndiaTestCases -->
