<?xml version="1.0" encoding="UTF-8"?>
<!-- Generated by org.testng.reporters.JUnitReportReporter -->
<testsuite skipped="0" hostname="LAPTOP-VHBMHBHC" name="com.resonantiatechnologie.amazon.pom.testcases.YourAccountTestCases" tests="1" failures="0" timestamp="01 Feb 2019 08:50:22 GMT" time="318.755" errors="0">
  <testcase name="test" time="318.755" classname="com.resonantiatechnologie.amazon.pom.testcases.YourAccountTestCases"/>
</testsuite> <!-- com.resonantiatechnologie.amazon.pom.testcases.YourAccountTestCases -->
