<?xml version="1.0" encoding="UTF-8"?>
<!-- Generated by org.testng.reporters.JUnitReportReporter -->
<testsuite skipped="0" hostname="LAPTOP-VHBMHBHC" name="com.resonantiatechnologie.amazon.pom.testcases.AmazonRegistrationTestCases" tests="1" failures="0" timestamp="01 Feb 2019 08:40:49 GMT" time="50.064" errors="0">
  <testcase name="test" time="50.064" classname="com.resonantiatechnologie.amazon.pom.testcases.AmazonRegistrationTestCases"/>
</testsuite> <!-- com.resonantiatechnologie.amazon.pom.testcases.AmazonRegistrationTestCases -->
